<?xml version="1.0" encoding="UTF-8"?>
<testng-results skipped="0" failed="0" ignored="0" total="1" passed="1">
  <reporter-output>
  </reporter-output>
  <suite name="Suite" duration-ms="39124" started-at="2021-03-23T05:12:20Z" finished-at="2021-03-23T05:12:59Z">
    <groups>
    </groups>
    <test name="Test" duration-ms="39124" started-at="2021-03-23T05:12:20Z" finished-at="2021-03-23T05:12:59Z">
      <class name="com.learnautomation.testcases.LoginTestCRM">
        <test-method status="PASS" signature="setUp()[pri:0, instance:com.learnautomation.testcases.LoginTestCRM@457e2f02]" name="setUp" is-config="true" duration-ms="1388" started-at="2021-03-23T10:42:18Z" finished-at="2021-03-23T10:42:20Z">
          <reporter-output>
          </reporter-output>
        </test-method> <!-- setUp -->
        <test-method status="PASS" signature="setup()[pri:0, instance:com.learnautomation.testcases.LoginTestCRM@457e2f02]" name="setup" is-config="true" duration-ms="13810" started-at="2021-03-23T10:42:20Z" finished-at="2021-03-23T10:42:34Z">
          <reporter-output>
          </reporter-output>
        </test-method> <!-- setup -->
        <test-method status="PASS" signature="loginApp()[pri:1, instance:com.learnautomation.testcases.LoginTestCRM@457e2f02]" name="loginApp" duration-ms="22588" started-at="2021-03-23T10:42:34Z" finished-at="2021-03-23T10:42:56Z">
          <reporter-output>
          </reporter-output>
        </test-method> <!-- loginApp -->
        <test-method status="PASS" signature="tearDownMethod(org.testng.ITestResult)[pri:0, instance:com.learnautomation.testcases.LoginTestCRM@457e2f02]" name="tearDownMethod" is-config="true" duration-ms="1207" started-at="2021-03-23T10:42:56Z" finished-at="2021-03-23T10:42:57Z">
          <params>
            <param index="0">
              <value>
                <![CDATA[[TestResult name=loginApp status=SUCCESS method=LoginTestCRM.loginApp()[pri:1, instance:com.learnautomation.testcases.LoginTestCRM@457e2f02] output={null}]]]>
              </value>
            </param>
          </params>
          <reporter-output>
          </reporter-output>
        </test-method> <!-- tearDownMethod -->
        <test-method status="PASS" signature="teardown()[pri:0, instance:com.learnautomation.testcases.LoginTestCRM@457e2f02]" name="teardown" is-config="true" duration-ms="1504" started-at="2021-03-23T10:42:57Z" finished-at="2021-03-23T10:42:59Z">
          <reporter-output>
          </reporter-output>
        </test-method> <!-- teardown -->
      </class> <!-- com.learnautomation.testcases.LoginTestCRM -->
    </test> <!-- Test -->
  </suite> <!-- Suite -->
</testng-results>
